<?xml version="1.0" encoding="UTF-8"?>
<!-- Generated by org.testng.reporters.JUnitReportReporter -->
<testsuite hostname="DESKTOP-DIEH0P6" failures="0" tests="1" name="com.seleniumtest.seleniumtest.demotest" time="12.203" errors="0" timestamp="2021-09-07T19:57:11 IST" skipped="0">
  <testcase classname="com.seleniumtest.seleniumtest.demotest" name="testJbTitle" time="12.203"/>
  <system-out/>
</testsuite> <!-- com.seleniumtest.seleniumtest.demotest -->
